<?xml version="1.0" encoding="UTF-8"?>
<!-- Generated by org.testng.reporters.JUnitXMLReporter -->
<testsuite hostname="user-PC" name="Default test" tests="3" failures="0" timestamp="15 Sep 2019 11:54:16 GMT" time="59.476" errors="0">
  <testcase name="verifyPgTitle" time="0.093" classname="com.clc.testcases.ManageGuru99Test"/>
  <testcase name="verifyManagerLabel" time="0.165" classname="com.clc.testcases.ManageGuru99Test"/>
  <testcase name="newCustomer" time="2.296" classname="com.clc.testcases.ManageGuru99Test"/>
</testsuite> <!-- Default test -->
