<?xml version="1.0" encoding="UTF-8"?>
<testng-results skipped="0" failed="0" total="3" passed="3">
  <reporter-output>
  </reporter-output>
  <suite name="Default suite" duration-ms="59476" started-at="2019-09-15T11:53:16Z" finished-at="2019-09-15T11:54:16Z">
    <groups>
    </groups>
    <test name="Default test" duration-ms="59476" started-at="2019-09-15T11:53:16Z" finished-at="2019-09-15T11:54:16Z">
      <class name="com.clc.testcases.ManageGuru99Test">
        <test-method status="PASS" signature="setUp()[pri:0, instance:com.clc.testcases.ManageGuru99Test@10ee7cb]" name="setUp" is-config="true" duration-ms="20235" started-at="2019-09-15T17:23:17Z" finished-at="2019-09-15T17:23:37Z">
          <reporter-output>
          </reporter-output>
        </test-method> <!-- setUp -->
        <test-method status="PASS" signature="verifyPgTitle()[pri:1, instance:com.clc.testcases.ManageGuru99Test@10ee7cb]" name="verifyPgTitle" duration-ms="93" started-at="2019-09-15T17:23:37Z" finished-at="2019-09-15T17:23:37Z">
          <reporter-output>
          </reporter-output>
        </test-method> <!-- verifyPgTitle -->
        <test-method status="PASS" signature="tearDown()[pri:0, instance:com.clc.testcases.ManageGuru99Test@10ee7cb]" name="tearDown" is-config="true" duration-ms="1267" started-at="2019-09-15T17:23:37Z" finished-at="2019-09-15T17:23:38Z">
          <reporter-output>
          </reporter-output>
        </test-method> <!-- tearDown -->
        <test-method status="PASS" signature="setUp()[pri:0, instance:com.clc.testcases.ManageGuru99Test@10ee7cb]" name="setUp" is-config="true" duration-ms="18090" started-at="2019-09-15T17:23:38Z" finished-at="2019-09-15T17:23:56Z">
          <reporter-output>
          </reporter-output>
        </test-method> <!-- setUp -->
        <test-method status="PASS" signature="verifyManagerLabel()[pri:2, instance:com.clc.testcases.ManageGuru99Test@10ee7cb]" name="verifyManagerLabel" duration-ms="165" started-at="2019-09-15T17:23:56Z" finished-at="2019-09-15T17:23:56Z">
          <reporter-output>
          </reporter-output>
        </test-method> <!-- verifyManagerLabel -->
        <test-method status="PASS" signature="tearDown()[pri:0, instance:com.clc.testcases.ManageGuru99Test@10ee7cb]" name="tearDown" is-config="true" duration-ms="1120" started-at="2019-09-15T17:23:56Z" finished-at="2019-09-15T17:23:57Z">
          <reporter-output>
          </reporter-output>
        </test-method> <!-- tearDown -->
        <test-method status="PASS" signature="setUp()[pri:0, instance:com.clc.testcases.ManageGuru99Test@10ee7cb]" name="setUp" is-config="true" duration-ms="15155" started-at="2019-09-15T17:23:57Z" finished-at="2019-09-15T17:24:13Z">
          <reporter-output>
          </reporter-output>
        </test-method> <!-- setUp -->
        <test-method status="PASS" signature="newCustomer()[pri:3, instance:com.clc.testcases.ManageGuru99Test@10ee7cb]" name="newCustomer" duration-ms="2296" started-at="2019-09-15T17:24:13Z" finished-at="2019-09-15T17:24:15Z">
          <reporter-output>
          </reporter-output>
        </test-method> <!-- newCustomer -->
        <test-method status="PASS" signature="tearDown()[pri:0, instance:com.clc.testcases.ManageGuru99Test@10ee7cb]" name="tearDown" is-config="true" duration-ms="1016" started-at="2019-09-15T17:24:15Z" finished-at="2019-09-15T17:24:16Z">
          <reporter-output>
          </reporter-output>
        </test-method> <!-- tearDown -->
      </class> <!-- com.clc.testcases.ManageGuru99Test -->
    </test> <!-- Default test -->
  </suite> <!-- Default suite -->
</testng-results>
